Build started 11/10/2015 17:24:30.
     1>Project "C:\Users\ricardo\Documents\Visual Studio 2013\Projects\openCV1\OpenCV_exercises\OpenCV_exercises.vcxproj" on node 2 (Build target(s)).
     1>ClCompile:
         C:\Program Files (x86)\Microsoft Visual Studio 12.0\VC\bin\x86_amd64\CL.exe /c /IC:\opencv\build\\include /Zi /nologo /W1 /WX- /O2 /Gm- /EHsc /MD /GS /fp:precise /Zc:wchar_t /Zc:forScope /Fo"x64\Debug\\" /Fd"x64\Debug\vc120.pdb" /Gd /TP /errorReport:prompt Exercise6.cpp OpenCV_exercises.cpp
         Exercise6.cpp
         OpenCV_exercises.cpp
         Generating Code...
       Link:
         C:\Program Files (x86)\Microsoft Visual Studio 12.0\VC\bin\x86_amd64\link.exe /ERRORREPORT:PROMPT /OUT:"C:\Users\ricardo\Documents\Visual Studio 2013\Projects\openCV1\x64\Debug\OpenCV_exercises.exe" /NOLOGO /LIBPATH:C:\opencv\build\\x64\vc11\lib opencv_ts300.lib opencv_ts300d.lib opencv_world300.lib opencv_world300d.lib kernel32.lib user32.lib gdi32.lib winspool.lib comdlg32.lib advapi32.lib shell32.lib ole32.lib oleaut32.lib uuid.lib odbc32.lib odbccp32.lib /MANIFEST /MANIFESTUAC:"level='asInvoker' uiAccess='false'" /manifest:embed /PDB:"C:\Users\ricardo\Documents\Visual Studio 2013\Projects\openCV1\x64\Debug\OpenCV_exercises.pdb" /TLBID:1 /DYNAMICBASE /NXCOMPAT /IMPLIB:"C:\Users\ricardo\Documents\Visual Studio 2013\Projects\openCV1\x64\Debug\OpenCV_exercises.lib" /MACHINE:X64 x64\Debug\Exercise1.obj
         x64\Debug\Exercise2.obj
         x64\Debug\Exercise2C.obj
         x64\Debug\Exercise3.obj
         x64\Debug\Exercise4.obj
         x64\Debug\Exercise5.obj
         x64\Debug\Exercise6.obj
         x64\Debug\OpenCV_exercises.obj
         x64\Debug\stdafx.obj
         OpenCV_exercises.vcxproj -> C:\Users\ricardo\Documents\Visual Studio 2013\Projects\openCV1\x64\Debug\OpenCV_exercises.exe
     1>Done Building Project "C:\Users\ricardo\Documents\Visual Studio 2013\Projects\openCV1\OpenCV_exercises\OpenCV_exercises.vcxproj" (Build target(s)).

Build succeeded.

Time Elapsed 00:00:02.69
