A:\Documentos\Git\OpenCV_exercises\OpenCV_exercises\x64\Debug\cl.command.1.tlog
A:\Documentos\Git\OpenCV_exercises\OpenCV_exercises\x64\Debug\CL.read.1.tlog
A:\Documentos\Git\OpenCV_exercises\OpenCV_exercises\x64\Debug\CL.write.1.tlog
A:\DOCUMENTOS\GIT\OPENCV_EXERCISES\OPENCV_EXERCISES\X64\DEBUG\EXERCISE1.OBJ
A:\DOCUMENTOS\GIT\OPENCV_EXERCISES\OPENCV_EXERCISES\X64\DEBUG\EXERCISE2.OBJ
A:\DOCUMENTOS\GIT\OPENCV_EXERCISES\OPENCV_EXERCISES\X64\DEBUG\EXERCISE2C.OBJ
A:\DOCUMENTOS\GIT\OPENCV_EXERCISES\OPENCV_EXERCISES\X64\DEBUG\EXERCISE3.OBJ
A:\Documentos\Git\OpenCV_exercises\OpenCV_exercises\x64\Debug\link.command.1.tlog
A:\Documentos\Git\OpenCV_exercises\OpenCV_exercises\x64\Debug\link.read.1.tlog
A:\Documentos\Git\OpenCV_exercises\OpenCV_exercises\x64\Debug\link.write.1.tlog
A:\Documentos\Git\OpenCV_exercises\OpenCV_exercises\x64\Debug\mt.command.1.tlog
A:\Documentos\Git\OpenCV_exercises\OpenCV_exercises\x64\Debug\mt.read.1.tlog
A:\Documentos\Git\OpenCV_exercises\OpenCV_exercises\x64\Debug\mt.write.1.tlog
A:\DOCUMENTOS\GIT\OPENCV_EXERCISES\OPENCV_EXERCISES\X64\DEBUG\OPENCV_EXERCISES.EXE.INTERMEDIATE.MANIFEST
A:\DOCUMENTOS\GIT\OPENCV_EXERCISES\OPENCV_EXERCISES\X64\DEBUG\OPENCV_EXERCISES.OBJ
A:\Documentos\Git\OpenCV_exercises\OpenCV_exercises\x64\Debug\OpenCV_exercises.vcxprojResolveAssemblyReference.cache
A:\Documentos\Git\OpenCV_exercises\OpenCV_exercises\x64\Debug\OpenCV_exercises.write.1.tlog
A:\DOCUMENTOS\GIT\OPENCV_EXERCISES\OPENCV_EXERCISES\X64\DEBUG\STDAFX.OBJ
A:\DOCUMENTOS\GIT\OPENCV_EXERCISES\OPENCV_EXERCISES\X64\DEBUG\VC100.PDB
A:\Documentos\Git\OpenCV_exercises\OpenCV_exercises\x64\Debug\vc120.pdb
A:\DOCUMENTOS\GIT\OPENCV_EXERCISES\X64\DEBUG\OPENCV_EXERCISES.EXE
